0 info it worked if it ends with ok
1 verbose cli [ '/usr/bin/nodejs', '/usr/bin/npm', 'run', 'protractor' ]
2 info using npm@1.4.21
3 info using node@v0.10.29
4 verbose run-script [ 'preprotractor', 'protractor', 'postprotractor' ]
5 info preprotractor angular-polls@0.0.0
6 verbose unsafe-perm in lifecycle true
7 info protractor angular-polls@0.0.0
8 verbose unsafe-perm in lifecycle true
9 info angular-polls@0.0.0 Failed to exec protractor script
10 error angular-polls@0.0.0 protractor: `protractor test/protractor-conf.js`
10 error Exit status 1
11 error Failed at the angular-polls@0.0.0 protractor script.
11 error This is most likely a problem with the angular-polls package,
11 error not with npm itself.
11 error Tell the author that this fails on your system:
11 error     protractor test/protractor-conf.js
11 error You can get their info via:
11 error     npm owner ls angular-polls
11 error There is likely additional logging output above.
12 error System Linux 4.0.0-kali1-amd64
13 error command "/usr/bin/nodejs" "/usr/bin/npm" "run" "protractor"
14 error cwd /home/user/angular-polls
15 error node -v v0.10.29
16 error npm -v 1.4.21
17 error code ELIFECYCLE
18 verbose exit [ 1, true ]
